<?xml version="1.0" encoding="UTF-8"?>
<!-- Generated by org.testng.reporters.JUnitReportReporter -->
<testsuite skipped="0" hostname="GB6ZHWT2E" name="qaclickacademy.AppiumTest" tests="2" failures="0" timestamp="2019-11-12T11:00:28 IST" time="0.000" errors="0">
  <testcase name="iOSapps" time="0.000" classname="qaclickacademy.AppiumTest"/>
  <testcase name="nativeAppAndroid" time="0.000" classname="qaclickacademy.AppiumTest"/>
</testsuite> <!-- qaclickacademy.AppiumTest -->
