<?xml version="1.0" encoding="UTF-8"?>
<!-- Generated by org.testng.reporters.JUnitReportReporter -->
<testsuite skipped="0" hostname="GB6ZHWT2E" name="qaclickacademy.SeleniumTest" tests="2" failures="0" timestamp="2019-11-12T11:00:40 IST" time="0.009" errors="0">
  <testcase name="BrowesrAutomation" time="0.008" classname="qaclickacademy.SeleniumTest"/>
  <testcase name="elementsUI" time="0.001" classname="qaclickacademy.SeleniumTest"/>
</testsuite> <!-- qaclickacademy.SeleniumTest -->
